Build started 2018. 11. 02. 18:59:41.
     1>Project "C:\Users\Adam\documents\visual studio 2013\Projects\c_prog\c_prog\c_prog.vcxproj" on node 2 (Build target(s)).
     1>ClCompile:
         D:\Programfájlok (x86)\Microsoft Visual Studio 12.0\VC\bin\CL.exe /c /ZI /nologo /W3 /WX- /sdl /Od /Oy- /D WIN32 /D _DEBUG /D _CONSOLE /D _LIB /D _UNICODE /D UNICODE /Gm /EHsc /RTC1 /MDd /GS /fp:precise /Zc:wchar_t /Zc:forScope /Fo"Debug\\" /Fd"Debug\vc120.pdb" /Gd /TC /analyze- /errorReport:prompt Source.c
         Source.c
     1>c:\users\adam\documents\visual studio 2013\projects\c_prog\c_prog\source.c(11): warning C4013: 'rand' undefined; assuming extern returning int
     1>c:\users\adam\documents\visual studio 2013\projects\c_prog\c_prog\source.c(18): fatal error C1075: end of file found before the left brace '{' at 'c:\users\adam\documents\visual studio 2013\projects\c_prog\c_prog\source.c(4)' was matched
     1>Done Building Project "C:\Users\Adam\documents\visual studio 2013\Projects\c_prog\c_prog\c_prog.vcxproj" (Build target(s)) -- FAILED.

Build FAILED.

Time Elapsed 00:00:00.67
