Build started 2017. 12. 01. 20:44:23.
     1>Project "C:\Users\Adam\documents\visual studio 2013\Projects\korrep\korrep\korrep.vcxproj" on node 2 (Build target(s)).
     1>ClCompile:
         D:\Programfájlok (x86)\Microsoft Visual Studio 12.0\VC\bin\CL.exe /c /ZI /nologo /W3 /WX- /sdl /Od /Oy- /D WIN32 /D _DEBUG /D _CONSOLE /D _LIB /D _UNICODE /D UNICODE /Gm /EHsc /RTC1 /MDd /GS /fp:precise /Zc:wchar_t /Zc:forScope /Fo"Debug\\" /Fd"Debug\vc120.pdb" /Gd /TC /analyze- /errorReport:prompt bekeres.c
         bekeres.c
     1>c:\users\adam\documents\visual studio 2013\projects\korrep\korrep\bekeres.c(39): error C4996: 'strcpy': This function or variable may be unsafe. Consider using strcpy_s instead. To disable deprecation, use _CRT_SECURE_NO_WARNINGS. See online help for details.
                 d:\programfájlok (x86)\microsoft visual studio 12.0\vc\include\string.h(112) : see declaration of 'strcpy'
     1>Done Building Project "C:\Users\Adam\documents\visual studio 2013\Projects\korrep\korrep\korrep.vcxproj" (Build target(s)) -- FAILED.

Build FAILED.

Time Elapsed 00:00:00.13
